[debug] [2020-05-05T18:46:09.422Z] ----------------------------------------------------------------------
[debug] [2020-05-05T18:46:09.428Z] Command:       C:\Program Files\nodejs\node.exe C:\Users\Karen\AppData\Roaming\npm\node_modules\firebase-tools\lib\bin\firebase.js init
[debug] [2020-05-05T18:46:09.429Z] CLI Version:   8.2.0
[debug] [2020-05-05T18:46:09.429Z] Platform:      win32
[debug] [2020-05-05T18:46:09.429Z] Node Version:  v13.8.0
[debug] [2020-05-05T18:46:09.432Z] Time:          Tue May 05 2020 13:46:09 GMT-0500 (hora de verano central)
[debug] [2020-05-05T18:46:09.432Z] ----------------------------------------------------------------------
[debug] [2020-05-05T18:46:09.433Z] 
[debug] [2020-05-05T18:46:09.475Z] > command requires scopes: ["email","openid","https://www.googleapis.com/auth/cloudplatformprojects.readonly","https://www.googleapis.com/auth/firebase","https://www.googleapis.com/auth/cloud-platform"]
[debug] [2020-05-05T18:46:09.476Z] > authorizing via signed-in user
[info] 
     ######## #### ########  ######## ########     ###     ######  ########
     ##        ##  ##     ## ##       ##     ##  ##   ##  ##       ##
     ######    ##  ########  ######   ########  #########  ######  ######
     ##        ##  ##    ##  ##       ##     ## ##     ##       ## ##
     ##       #### ##     ## ######## ########  ##     ##  ######  ########

You're about to initialize a Firebase project in this directory:

  C:\Users\Karen

Before we get started, keep in mind:

  * You are initializing in an existing Firebase project directory

[info] 
=== Project Setup
[info] 
[info] First, let's associate this project directory with a Firebase project.
[info] You can create multiple project aliases by running firebase use --add, 
[info] but for now we'll just set up a default project.
[info] 
[info] i  .firebaserc already has a default project, using portafolio-85367.
[debug] [2020-05-05T18:46:45.665Z] >>> HTTP REQUEST GET https://firebase.googleapis.com/v1beta1/projects/portafolio-85367  
 
[debug] [2020-05-05T18:46:45.999Z] <<< HTTP RESPONSE 200 {"content-type":"application/json; charset=UTF-8","vary":"X-Origin, Referer, Origin,Accept-Encoding","date":"Tue, 05 May 2020 18:46:45 GMT","server":"ESF","cache-control":"private","x-xss-protection":"0","x-frame-options":"SAMEORIGIN","x-content-type-options":"nosniff","alt-svc":"h3-Q050=\":443\"; ma=2592000,h3-Q049=\":443\"; ma=2592000,h3-Q048=\":443\"; ma=2592000,h3-Q046=\":443\"; ma=2592000,h3-Q043=\":443\"; ma=2592000,quic=\":443\"; ma=2592000; v=\"46,43\"","accept-ranges":"none","transfer-encoding":"chunked"}
[info] 
=== Hosting Setup
[info] 
[info] Your public directory is the folder (relative to your project directory) that
[info] will contain Hosting assets to be uploaded with firebase deploy. If you
[info] have a build process for your assets, use your build's output directory.
[info] 
